In file included from <command-line>:0:0:
/home/john/Documents/Code/Python/jha_CommonFiles/ExperimentalModels/temp_input_testC1_generated_code/CustomPropensityFunctions.h: In function ‘double STOCHKIT::f5(_populationVectorType&)’:
/home/john/Documents/Code/Python/jha_CommonFiles/ExperimentalModels/temp_input_testC1_generated_code/CustomPropensityFunctions.h:30:53: error: ‘M0_0’ was not declared in this scope
/home/john/Documents/Code/Python/jha_CommonFiles/ExperimentalModels/temp_input_testC1_generated_code/CustomPropensityFunctions.h:30:105: error: expected ‘;’ before ‘)’ token
/home/john/Documents/Code/Python/jha_CommonFiles/ExperimentalModels/temp_input_testC1_generated_code/CustomPropensityFunctions.h:30:105: error: expected primary-expression before ‘)’ token
/home/john/Documents/Code/Python/jha_CommonFiles/ExperimentalModels/temp_input_testC1_generated_code/CustomPropensityFunctions.h:30:105: error: expected ‘;’ before ‘)’ token
/home/john/Documents/Code/Python/jha_CommonFiles/ExperimentalModels/temp_input_testC1_generated_code/CustomPropensityFunctions.h: In function ‘double STOCHKIT::f5(_populationVectorType&) [with _populationVectorType = boost::numeric::ublas::vector<double>]’:
/home/john/Documents/Code/Python/jha_CommonFiles/ExperimentalModels/temp_input_testC1_generated_code/CustomPropensityFunctions.h:31:1: warning: control reaches end of non-void function [-Wreturn-type]
/home/john/NumericalPackages/StochKit2.0.10/libs/boost_1_53_0/boost/system/error_code.hpp: At global scope:
/home/john/NumericalPackages/StochKit2.0.10/libs/boost_1_53_0/boost/system/error_code.hpp:214:36: warning: ‘boost::system::posix_category’ defined but not used [-Wunused-variable]
/home/john/NumericalPackages/StochKit2.0.10/libs/boost_1_53_0/boost/system/error_code.hpp:215:36: warning: ‘boost::system::errno_ecat’ defined but not used [-Wunused-variable]
/home/john/NumericalPackages/StochKit2.0.10/libs/boost_1_53_0/boost/system/error_code.hpp:216:36: warning: ‘boost::system::native_ecat’ defined but not used [-Wunused-variable]
make: *** [ssa_direct_mixed_small_compiled] Error 1
